<?xml version="1.0" encoding="UTF-8"?>
<testsuite name="fr.em_ilien.bankaccount.PersonneTest" tests="2" skipped="0" failures="0" errors="0" timestamp="2024-02-15T10:06:27" hostname="EMILIEN" time="0.01">
  <properties/>
  <testcase name="testChangerAdressePersonne()" classname="fr.em_ilien.bankaccount.PersonneTest" time="0.006"/>
  <testcase name="testNomEtPrenomCorrectsPersonne()" classname="fr.em_ilien.bankaccount.PersonneTest" time="0.001"/>
  <system-out><![CDATA[]]></system-out>
  <system-err><![CDATA[]]></system-err>
</testsuite>
